<?xml version="1.0" encoding="UTF-8"?>
<!-- Generated by org.testng.reporters.JUnitXMLReporter -->
<testsuite ignored="8" hostname="LAPTOP-LO7MB9TB" failures="0" tests="1" name="Default test" time="0.203" errors="0" timestamp="2021-03-03T15:35:41 IST">
  <testcase classname="findinghospitals.testcases.Testcases" name="@BeforeMethod openTheBrowser" time="-1.614765941183E9">
    <failure type="org.testng.TestNGException" message="
Parameter &amp;apos;browserCode&amp;apos; is required by BeforeMethod on method openTheBrowser but has not been marked @Optional or defined
in C:\Users\91955\AppData\Local\Temp\testng-eclipse--2017165961\testng-customsuite.xml">
      <![CDATA[org.testng.TestNGException: 
Parameter 'browserCode' is required by BeforeMethod on method openTheBrowser but has not been marked @Optional or defined
in C:\Users\91955\AppData\Local\Temp\testng-eclipse--2017165961\testng-customsuite.xml
at org.testng.internal.Parameters.createParams(Parameters.java:268)
at org.testng.internal.Parameters.createParametersForMethod(Parameters.java:356)
at org.testng.internal.Parameters.createParameters(Parameters.java:700)
at org.testng.internal.Parameters.createConfigurationParameters(Parameters.java:166)
at org.testng.internal.ConfigInvoker.invokeConfigurations(ConfigInvoker.java:301)
at org.testng.internal.TestInvoker.runConfigMethods(TestInvoker.java:701)
at org.testng.internal.TestInvoker.invokeMethod(TestInvoker.java:527)
at org.testng.internal.TestInvoker.invokeTestMethod(TestInvoker.java:174)
at org.testng.internal.MethodRunner.runInSequence(MethodRunner.java:46)
at org.testng.internal.TestInvoker$MethodInvocationAgent.invoke(TestInvoker.java:822)
at org.testng.internal.TestInvoker.invokeTestMethods(TestInvoker.java:147)
at org.testng.internal.TestMethodWorker.invokeTestMethods(TestMethodWorker.java:146)
at org.testng.internal.TestMethodWorker.run(TestMethodWorker.java:128)
at java.base/java.util.ArrayList.forEach(ArrayList.java:1511)
at org.testng.TestRunner.privateRun(TestRunner.java:764)
at org.testng.TestRunner.run(TestRunner.java:585)
at org.testng.SuiteRunner.runTest(SuiteRunner.java:384)
at org.testng.SuiteRunner.runSequentially(SuiteRunner.java:378)
at org.testng.SuiteRunner.privateRun(SuiteRunner.java:337)
at org.testng.SuiteRunner.run(SuiteRunner.java:286)
at org.testng.SuiteRunnerWorker.runSuite(SuiteRunnerWorker.java:53)
at org.testng.SuiteRunnerWorker.run(SuiteRunnerWorker.java:96)
at org.testng.TestNG.runSuitesSequentially(TestNG.java:1218)
at org.testng.TestNG.runSuitesLocally(TestNG.java:1140)
at org.testng.TestNG.runSuites(TestNG.java:1069)
at org.testng.TestNG.run(TestNG.java:1037)
at org.testng.remote.AbstractRemoteTestNG.run(AbstractRemoteTestNG.java:115)
at org.testng.remote.RemoteTestNG.initAndRun(RemoteTestNG.java:251)
at org.testng.remote.RemoteTestNG.main(RemoteTestNG.java:77)
]]>
    </failure>
  </testcase> <!-- @BeforeMethod openTheBrowser -->
  <testcase classname="findinghospitals.testcases.Testcases" name="@AfterMethod quitDriver" time="0.008">
    <failure type="java.lang.NullPointerException" message="Cannot invoke &amp;quot;org.openqa.selenium.WebDriver.quit()&amp;quot; because &amp;quot;this.driver&amp;quot; is null">
      <![CDATA[java.lang.NullPointerException: Cannot invoke "org.openqa.selenium.WebDriver.quit()" because "this.driver" is null
at findinghospitals.testcases.Testcases.quitDriver(Testcases.java:200)
at java.base/jdk.internal.reflect.NativeMethodAccessorImpl.invoke0(Native Method)
at java.base/jdk.internal.reflect.NativeMethodAccessorImpl.invoke(NativeMethodAccessorImpl.java:64)
at java.base/jdk.internal.reflect.DelegatingMethodAccessorImpl.invoke(DelegatingMethodAccessorImpl.java:43)
at java.base/java.lang.reflect.Method.invoke(Method.java:564)
at org.testng.internal.MethodInvocationHelper.invokeMethod(MethodInvocationHelper.java:132)
at org.testng.internal.MethodInvocationHelper.invokeMethodConsideringTimeout(MethodInvocationHelper.java:61)
at org.testng.internal.ConfigInvoker.invokeConfigurationMethod(ConfigInvoker.java:366)
at org.testng.internal.ConfigInvoker.invokeConfigurations(ConfigInvoker.java:320)
at org.testng.internal.TestInvoker.runConfigMethods(TestInvoker.java:701)
at org.testng.internal.TestInvoker.runAfterGroupsConfigurations(TestInvoker.java:677)
at org.testng.internal.TestInvoker.invokeMethod(TestInvoker.java:548)
at org.testng.internal.TestInvoker.invokeTestMethod(TestInvoker.java:174)
at org.testng.internal.MethodRunner.runInSequence(MethodRunner.java:46)
at org.testng.internal.TestInvoker$MethodInvocationAgent.invoke(TestInvoker.java:822)
at org.testng.internal.TestInvoker.invokeTestMethods(TestInvoker.java:147)
at org.testng.internal.TestMethodWorker.invokeTestMethods(TestMethodWorker.java:146)
at org.testng.internal.TestMethodWorker.run(TestMethodWorker.java:128)
at java.base/java.util.ArrayList.forEach(ArrayList.java:1511)
at org.testng.TestRunner.privateRun(TestRunner.java:764)
at org.testng.TestRunner.run(TestRunner.java:585)
at org.testng.SuiteRunner.runTest(SuiteRunner.java:384)
at org.testng.SuiteRunner.runSequentially(SuiteRunner.java:378)
at org.testng.SuiteRunner.privateRun(SuiteRunner.java:337)
at org.testng.SuiteRunner.run(SuiteRunner.java:286)
at org.testng.SuiteRunnerWorker.runSuite(SuiteRunnerWorker.java:53)
at org.testng.SuiteRunnerWorker.run(SuiteRunnerWorker.java:96)
at org.testng.TestNG.runSuitesSequentially(TestNG.java:1218)
at org.testng.TestNG.runSuitesLocally(TestNG.java:1140)
at org.testng.TestNG.runSuites(TestNG.java:1069)
at org.testng.TestNG.run(TestNG.java:1037)
at org.testng.remote.AbstractRemoteTestNG.run(AbstractRemoteTestNG.java:115)
at org.testng.remote.RemoteTestNG.initAndRun(RemoteTestNG.java:251)
at org.testng.remote.RemoteTestNG.main(RemoteTestNG.java:77)
]]>
    </failure>
  </testcase> <!-- @AfterMethod quitDriver -->
  <testcase classname="findinghospitals.testcases.Testcases" name="@AfterTest flushExcelReport" time="-1.614765941298E9">
    <skipped/>
  </testcase> <!-- @AfterTest flushExcelReport -->
  <testcase classname="findinghospitals.testcases.Testcases" name="printHospitalList" time="0.0">
    <skipped/>
  </testcase> <!-- printHospitalList -->
  <testcase classname="findinghospitals.testcases.Testcases" name="checkHospitalPage" time="0.0">
    <ignored/>
  </testcase> <!-- checkHospitalPage -->
  <testcase classname="findinghospitals.testcases.Testcases" name="regression_1" time="0.0">
    <ignored/>
  </testcase> <!-- regression_1 -->
  <testcase classname="findinghospitals.testcases.Testcases" name="checkCorporateWellnessPage" time="0.0">
    <ignored/>
  </testcase> <!-- checkCorporateWellnessPage -->
  <testcase classname="findinghospitals.testcases.Testcases" name="regression_3" time="0.0">
    <ignored/>
  </testcase> <!-- regression_3 -->
  <testcase classname="findinghospitals.testcases.Testcases" name="checkLandingPage" time="0.0">
    <ignored/>
  </testcase> <!-- checkLandingPage -->
  <testcase classname="findinghospitals.testcases.Testcases" name="regression_2" time="0.0">
    <ignored/>
  </testcase> <!-- regression_2 -->
  <testcase classname="findinghospitals.testcases.Testcases" name="fillTheForm" time="0.0">
    <ignored/>
  </testcase> <!-- fillTheForm -->
  <testcase classname="findinghospitals.testcases.Testcases" name="printTopCities" time="0.0">
    <ignored/>
  </testcase> <!-- printTopCities -->
</testsuite> <!-- Default test -->
